Release 14.7 - xst P.20131013 (nt64)
Copyright (c) 1995-2013 Xilinx, Inc.  All rights reserved.
--> Parameter TMPDIR set to xst/projnav.tmp


Total REAL time to Xst completion: 0.00 secs
Total CPU time to Xst completion: 0.44 secs
 
--> Parameter xsthdpdir set to xst


Total REAL time to Xst completion: 0.00 secs
Total CPU time to Xst completion: 0.44 secs
 
--> Reading design: UART_RX.prj

TABLE OF CONTENTS
  1) Synthesis Options Summary
  2) HDL Compilation
  3) Design Hierarchy Analysis
  4) HDL Analysis
  5) HDL Synthesis
     5.1) HDL Synthesis Report
  6) Advanced HDL Synthesis
     6.1) Advanced HDL Synthesis Report
  7) Low Level Synthesis
  8) Partition Report
  9) Final Report
	9.1) Device utilization summary
	9.2) Partition Resource Summary
	9.3) TIMING REPORT


=========================================================================
*                      Synthesis Options Summary                        *
=========================================================================
---- Source Parameters
Input File Name                    : "UART_RX.prj"
Input Format                       : mixed
Ignore Synthesis Constraint File   : NO

---- Target Parameters
Output File Name                   : "UART_RX"
Output Format                      : NGC
Target Device                      : xc3s50a-5-tq144

---- Source Options
Top Module Name                    : UART_RX
Automatic FSM Extraction           : YES
FSM Encoding Algorithm             : Auto
Safe Implementation                : No
FSM Style                          : LUT
RAM Extraction                     : Yes
RAM Style                          : Auto
ROM Extraction                     : Yes
Mux Style                          : Auto
Decoder Extraction                 : YES
Priority Encoder Extraction        : Yes
Shift Register Extraction          : YES
Logical Shifter Extraction         : YES
XOR Collapsing                     : YES
ROM Style                          : Auto
Mux Extraction                     : Yes
Resource Sharing                   : YES
Asynchronous To Synchronous        : NO
Multiplier Style                   : Auto
Automatic Register Balancing       : No

---- Target Options
Add IO Buffers                     : YES
Global Maximum Fanout              : 500
Add Generic Clock Buffer(BUFG)     : 24
Register Duplication               : YES
Slice Packing                      : YES
Optimize Instantiated Primitives   : NO
Use Clock Enable                   : Yes
Use Synchronous Set                : Yes
Use Synchronous Reset              : Yes
Pack IO Registers into IOBs        : Auto
Equivalent register Removal        : YES

---- General Options
Optimization Goal                  : Speed
Optimization Effort                : 1
Keep Hierarchy                     : No
Netlist Hierarchy                  : As_Optimized
RTL Output                         : Yes
Global Optimization                : AllClockNets
Read Cores                         : YES
Write Timing Constraints           : NO
Cross Clock Analysis               : NO
Hierarchy Separator                : /
Bus Delimiter                      : <>
Case Specifier                     : Maintain
Slice Utilization Ratio            : 100
BRAM Utilization Ratio             : 100
Verilog 2001                       : YES
Auto BRAM Packing                  : NO
Slice Utilization Ratio Delta      : 5

=========================================================================


=========================================================================
*                          HDL Compilation                              *
=========================================================================
Compiling vhdl file "C:/Xilinx/projects/UART_RX/UART_RX.vhd" in Library work.
Entity <UART_RX> compiled.
Entity <UART_RX> (Architecture <RTL>) compiled.

=========================================================================
*                     Design Hierarchy Analysis                         *
=========================================================================
Analyzing hierarchy for entity <UART_RX> in library <work> (architecture <RTL>) with generics.
	g_CLKS_PER_BIT = 217


=========================================================================
*                            HDL Analysis                               *
=========================================================================
Analyzing generic Entity <UART_RX> in library <work> (Architecture <RTL>).
	g_CLKS_PER_BIT = 217
Entity <UART_RX> analyzed. Unit <UART_RX> generated.


=========================================================================
*                           HDL Synthesis                               *
=========================================================================

Performing bidirectional port resolution...

Synthesizing Unit <UART_RX>.
    Related source file is "C:/Xilinx/projects/UART_RX/UART_RX.vhd".
WARNING:Xst:646 - Signal <w_SM_Main> is assigned but never used. This unconnected signal will be trimmed during the optimization process.
    Found finite state machine <FSM_0> for signal <r_SM_Main>.
    -----------------------------------------------------------------------
    | States             | 5                                              |
    | Transitions        | 11                                             |
    | Inputs             | 4                                              |
    | Outputs            | 6                                              |
    | Clock              | i_Clk                     (rising_edge)        |
    | Power Up State     | s_idle                                         |
    | Encoding           | automatic                                      |
    | Implementation     | LUT                                            |
    -----------------------------------------------------------------------
    Found 3-bit register for signal <r_Bit_Index>.
    Found 3-bit adder for signal <r_Bit_Index$addsub0000> created at line 90.
    Found 8-bit register for signal <r_Clk_Count>.
    Found 8-bit adder for signal <r_Clk_Count$share0000> created at line 50.
    Found 8-bit register for signal <r_RX_Byte>.
    Found 1-bit register for signal <r_RX_DV>.
    Found 8-bit comparator less for signal <r_SM_Main$cmp_lt0000> created at line 81.
    Found 3-bit comparator less for signal <r_SM_Main$cmp_lt0001> created at line 89.
    Summary:
	inferred   1 Finite State Machine(s).
	inferred  20 D-type flip-flop(s).
	inferred   2 Adder/Subtractor(s).
	inferred   2 Comparator(s).
Unit <UART_RX> synthesized.

INFO:Xst:1767 - HDL ADVISOR - Resource sharing has identified that some arithmetic operations in this design can share the same physical resources for reduced device utilization. For improved clock frequency you may try to disable resource sharing.

=========================================================================
HDL Synthesis Report

Macro Statistics
# Adders/Subtractors                                   : 2
 3-bit adder                                           : 1
 8-bit adder                                           : 1
# Registers                                            : 11
 1-bit register                                        : 9
 3-bit register                                        : 1
 8-bit register                                        : 1
# Comparators                                          : 2
 3-bit comparator less                                 : 1
 8-bit comparator less                                 : 1

=========================================================================

=========================================================================
*                       Advanced HDL Synthesis                          *
=========================================================================

Analyzing FSM <FSM_0> for best encoding.
Optimizing FSM <r_SM_Main/FSM> on signal <r_SM_Main[1:3]> with gray encoding.
----------------------------
 State          | Encoding
----------------------------
 s_idle         | 000
 s_rx_start_bit | 001
 s_rx_data_bits | 011
 s_rx_stop_bit  | 010
 s_cleanup      | 110
----------------------------

=========================================================================
Advanced HDL Synthesis Report

Macro Statistics
# FSMs                                                 : 1
# Adders/Subtractors                                   : 2
 3-bit adder                                           : 1
 8-bit adder                                           : 1
# Registers                                            : 20
 Flip-Flops                                            : 20
# Comparators                                          : 2
 3-bit comparator less                                 : 1
 8-bit comparator less                                 : 1

=========================================================================

=========================================================================
*                         Low Level Synthesis                           *
=========================================================================

Optimizing unit <UART_RX> ...

Mapping all equations...
Building and optimizing final netlist ...
Found area constraint ratio of 100 (+ 5) on block UART_RX, actual ratio is 3.

Final Macro Processing ...

=========================================================================
Final Register Report

Macro Statistics
# Registers                                            : 23
 Flip-Flops                                            : 23

=========================================================================

=========================================================================
*                           Partition Report                            *
=========================================================================

Partition Implementation Status
-------------------------------

  No Partitions were found in this design.

-------------------------------

=========================================================================
*                            Final Report                               *
=========================================================================
Final Results
RTL Top Level Output File Name     : UART_RX.ngr
Top Level Output File Name         : UART_RX
Output Format                      : NGC
Optimization Goal                  : Speed
Keep Hierarchy                     : No

Design Statistics
# IOs                              : 11

Cell Usage :
# BELS                             : 57
#      LUT2                        : 5
#      LUT2_D                      : 4
#      LUT2_L                      : 3
#      LUT3                        : 4
#      LUT3_D                      : 2
#      LUT3_L                      : 2
#      LUT4                        : 32
#      LUT4_D                      : 1
#      LUT4_L                      : 2
#      MUXF5                       : 2
# FlipFlops/Latches                : 23
#      FD                          : 12
#      FDE                         : 8
#      FDS                         : 3
# Clock Buffers                    : 1
#      BUFGP                       : 1
# IO Buffers                       : 10
#      IBUF                        : 1
#      OBUF                        : 9
=========================================================================

Device utilization summary:
---------------------------

Selected Device : 3s50atq144-5 

 Number of Slices:                       29  out of    704     4%  
 Number of Slice Flip Flops:             23  out of   1408     1%  
 Number of 4 input LUTs:                 55  out of   1408     3%  
 Number of IOs:                          11
 Number of bonded IOBs:                  11  out of    108    10%  
 Number of GCLKs:                         1  out of     24     4%  

---------------------------
Partition Resource Summary:
---------------------------

  No Partitions were found in this design.

---------------------------


=========================================================================
TIMING REPORT

NOTE: THESE TIMING NUMBERS ARE ONLY A SYNTHESIS ESTIMATE.
      FOR ACCURATE TIMING INFORMATION PLEASE REFER TO THE TRACE REPORT
      GENERATED AFTER PLACE-and-ROUTE.

Clock Information:
------------------
-----------------------------------+------------------------+-------+
Clock Signal                       | Clock buffer(FF name)  | Load  |
-----------------------------------+------------------------+-------+
i_Clk                              | BUFGP                  | 23    |
-----------------------------------+------------------------+-------+

Asynchronous Control Signals Information:
----------------------------------------
No asynchronous control signals found in this design

Timing Summary:
---------------
Speed Grade: -5

   Minimum period: 4.877ns (Maximum Frequency: 205.044MHz)
   Minimum input arrival time before clock: 3.834ns
   Maximum output required time after clock: 5.271ns
   Maximum combinational path delay: No path found

Timing Detail:
--------------
All values displayed in nanoseconds (ns)

=========================================================================
Timing constraint: Default period analysis for Clock 'i_Clk'
  Clock period: 4.877ns (frequency: 205.044MHz)
  Total number of paths / destination ports: 449 / 26
-------------------------------------------------------------------------
Delay:               4.877ns (Levels of Logic = 3)
  Source:            r_Clk_Count_3 (FF)
  Destination:       r_Bit_Index_1 (FF)
  Source Clock:      i_Clk rising
  Destination Clock: i_Clk rising

  Data Path: r_Clk_Count_3 to r_Bit_Index_1
                                Gate     Net
    Cell:in->out      fanout   Delay   Delay  Logical Name (Net Name)
    ----------------------------------------  ------------
     FD:C->Q               8   0.495   0.709  r_Clk_Count_3 (r_Clk_Count_3)
     LUT2:I1->O            1   0.562   0.359  r_SM_Main_cmp_lt00001_SW0 (N8)
     LUT4_D:I3->O         13   0.561   0.838  r_SM_Main_cmp_lt00001 (r_SM_Main_cmp_lt0000)
     LUT4:I3->O            1   0.561   0.357  r_SM_Main_FSM_FFd3-In7 (r_SM_Main_FSM_FFd3-In7)
     FDS:S                     0.435          r_SM_Main_FSM_FFd3
    ----------------------------------------
    Total                      4.877ns (2.614ns logic, 2.263ns route)
                                       (53.6% logic, 46.4% route)

=========================================================================
Timing constraint: Default OFFSET IN BEFORE for Clock 'i_Clk'
  Total number of paths / destination ports: 18 / 18
-------------------------------------------------------------------------
Offset:              3.834ns (Levels of Logic = 4)
  Source:            i_RX_Serial (PAD)
  Destination:       r_Clk_Count_0 (FF)
  Destination Clock: i_Clk rising

  Data Path: i_RX_Serial to r_Clk_Count_0
                                Gate     Net
    Cell:in->out      fanout   Delay   Delay  Logical Name (Net Name)
    ----------------------------------------  ------------
     IBUF:I->O            11   0.824   0.795  i_RX_Serial_IBUF (i_RX_Serial_IBUF)
     LUT4:I3->O            1   0.561   0.000  r_Clk_Count_mux0000<0>1_G (N59)
     MUXF5:I1->O           8   0.229   0.666  r_Clk_Count_mux0000<0>1 (N01)
     LUT3:I2->O            1   0.561   0.000  r_Clk_Count_mux0000<7>1 (r_Clk_Count_mux0000<7>)
     FD:D                      0.197          r_Clk_Count_0
    ----------------------------------------
    Total                      3.834ns (2.372ns logic, 1.461ns route)
                                       (61.9% logic, 38.1% route)

=========================================================================
Timing constraint: Default OFFSET OUT AFTER for Clock 'i_Clk'
  Total number of paths / destination ports: 9 / 9
-------------------------------------------------------------------------
Offset:              5.271ns (Levels of Logic = 1)
  Source:            r_RX_DV (FF)
  Destination:       o_RX_DV (PAD)
  Source Clock:      i_Clk rising

  Data Path: r_RX_DV to o_RX_DV
                                Gate     Net
    Cell:in->out      fanout   Delay   Delay  Logical Name (Net Name)
    ----------------------------------------  ------------
     FDS:C->Q              2   0.495   0.380  r_RX_DV (r_RX_DV)
     OBUF:I->O                 4.396          o_RX_DV_OBUF (o_RX_DV)
    ----------------------------------------
    Total                      5.271ns (4.891ns logic, 0.380ns route)
                                       (92.8% logic, 7.2% route)

=========================================================================


Total REAL time to Xst completion: 5.00 secs
Total CPU time to Xst completion: 5.57 secs
 
--> 

Total memory usage is 4513720 kilobytes

Number of errors   :    0 (   0 filtered)
Number of warnings :    1 (   0 filtered)
Number of infos    :    1 (   0 filtered)

