
****** PlanAhead v14.7 (64-bit)
  **** Build 321239 by xbuild on Fri Sep 27 19:29:51 MDT 2013
    ** Copyright 1986-1999, 2001-2013 Xilinx, Inc. All Rights Reserved.

INFO: [Common 17-78] Attempting to get a license: PlanAhead
INFO: [Common 17-290] Got license for PlanAhead
INFO: [Device 21-36] Loading parts and site information from C:/Xilinx/14.7/ISE_DS/PlanAhead/data/parts/arch.xml
Parsing RTL primitives file [C:/Xilinx/14.7/ISE_DS/PlanAhead/data/parts/xilinx/rtl/prims/rtl_prims.xml]
Finished parsing RTL primitives file [C:/Xilinx/14.7/ISE_DS/PlanAhead/data/parts/xilinx/rtl/prims/rtl_prims.xml]
start_gui
source C:/Xilinx/projects/.mine/UART_RX/pa.fromNetlist.tcl
# create_project -name UART_RX -dir "C:/Xilinx/projects/.mine/UART_RX/planAhead_run_2" -part xc3s50atq144-5
# set_property design_mode GateLvl [get_property srcset [current_run -impl]]
# set_property edif_top_file "C:/Xilinx/projects/.mine/UART_RX/UART_RX_To_7_Seg_Top.ngc" [ get_property srcset [ current_run ] ]
# add_files -norecurse { {C:/Xilinx/projects/.mine/UART_RX} }
# set_property target_constrs_file "pins.ucf" [current_fileset -constrset]
Adding file 'C:/Xilinx/projects/.mine/UART_RX/pins.ucf' to fileset 'constrs_1'
# add_files [list {pins.ucf}] -fileset [get_property constrset [current_run]]
# link_design
Design is defaulting to srcset: sources_1
Design is defaulting to constrset: constrs_1
Design is defaulting to project part: xc3s50atq144-5
Release 14.7 - ngc2edif P.20131013 (nt64)
Copyright (c) 1995-2013 Xilinx, Inc.  All rights reserved.
Reading design UART_RX_To_7_Seg_Top.ngc ...
WARNING:NetListWriters:298 - No output is written to UART_RX_To_7_Seg_Top.xncf,
   ignored.
Processing design ...
   Preping design's networks ...
   Preping design's macros ...
WARNING:NetListWriters:306 - Signal bus
   UART_RX_Inst/Madd_r_Clock_Count_share0000_cy<5 : 2> on block
   UART_RX_To_7_Seg_Top is not reconstructed, because there are some missing bus
   signals.
  finished :Prep
Writing EDIF netlist file UART_RX_To_7_Seg_Top.edif ...
ngc2edif: Total memory usage is 4314812 kilobytes

Parsing EDIF File [./planAhead_run_2/UART_RX.data/cache/UART_RX_To_7_Seg_Top_ngc_zx.edif]
Finished Parsing EDIF File [./planAhead_run_2/UART_RX.data/cache/UART_RX_To_7_Seg_Top_ngc_zx.edif]
INFO: [Designutils 20-910] Reading macro library C:/Xilinx/14.7/ISE_DS/PlanAhead/data\./parts/xilinx/spartan3a/hd_int_macros.edn
Parsing EDIF File [C:/Xilinx/14.7/ISE_DS/PlanAhead/data\./parts/xilinx/spartan3a/hd_int_macros.edn]
Finished Parsing EDIF File [C:/Xilinx/14.7/ISE_DS/PlanAhead/data\./parts/xilinx/spartan3a/hd_int_macros.edn]
Loading clock regions from C:/Xilinx/14.7/ISE_DS/PlanAhead/data\parts/xilinx/spartan3a/spartan3a/xc3s50a/ClockRegion.xml
Loading clock buffers from C:/Xilinx/14.7/ISE_DS/PlanAhead/data\parts/xilinx/spartan3a/spartan3a/xc3s50a/ClockBuffers.xml
Loading package from C:/Xilinx/14.7/ISE_DS/PlanAhead/data\parts/xilinx/spartan3a/spartan3a/xc3s50a/tq144/Package.xml
Loading io standards from C:/Xilinx/14.7/ISE_DS/PlanAhead/data\./parts/xilinx/spartan3a/IOStandards.xml
INFO: [Device 21-19] Loading pkg sso from C:/Xilinx/14.7/ISE_DS/PlanAhead/data\parts/xilinx/spartan3a/spartan3a/xc3s50a/tq144/SSORules.xml
Loading list of drcs for the architecture : C:/Xilinx/14.7/ISE_DS/PlanAhead/data\./parts/xilinx/spartan3a/drc.xml
INFO: [Timing 38-77] Reading timing library C:/Xilinx/14.7/ISE_DS/PlanAhead/data\parts/xilinx/spartan3a/spartan3a/spartan3a-5.lib.
INFO: [Timing 38-34] Done reading timing library C:/Xilinx/14.7/ISE_DS/PlanAhead/data\parts/xilinx/spartan3a/spartan3a/spartan3a-5.lib.
Parsing UCF File [C:/Xilinx/projects/.mine/UART_RX/pins.ucf]
Finished Parsing UCF File [C:/Xilinx/projects/.mine/UART_RX/pins.ucf]
INFO: [Project 1-111] Unisim Transformation Summary:
No Unisim elements were transformed.

Phase 0 | Netlist Checksum: 2cd01229
link_design: Time (s): elapsed = 00:00:08 . Memory (MB): peak = 581.266 ; gain = 141.184
exit
ERROR: [Common 17-39] 'stop_gui' failed due to earlier errors.
INFO: [Common 17-206] Exiting PlanAhead at Mon Nov 15 19:12:17 2021...
INFO: [Common 17-83] Releasing license: PlanAhead
