Command line:
   UART_RX_TB_isim_beh.exe
     -simmode  gui
     -simrunnum  0
     -socket  58664

Mon Sep 06 13:45:42 2021


 Elaboration Time: 0.03125 sec

 Current Memory Usage: 5150.24 Meg

 Total Signals          : 13
 Total Nets             : 26
 Total Signal Drivers   : 10
 Total Blocks           : 4
 Total Primitive Blocks : 3
 Total Processes        : 6
 Total Traceable Variables  : 17
 Total Scalar Nets and Variables : 513
Total Line Count : 45

 Total Simulation Time: 0.046875 sec

 Current Memory Usage: 4678.38 Meg

Mon Sep 06 14:48:11 2021

